warning: unused import: `DateTime`
 --> src/database/mod.rs:3:14
  |
3 | use chrono::{DateTime, Utc};
  |              ^^^^^^^^
  |
  = note: `#[warn(unused_imports)]` on by default

warning: unused variable: `db`
  --> src/handlers/users.rs:80:5
   |
80 |     db: web::Data<Database>,
   |     ^^ help: if this is intentional, prefix it with an underscore: `_db`
   |
   = note: `#[warn(unused_variables)]` on by default

warning: unused variable: `user_data`
  --> src/handlers/users.rs:81:5
   |
81 |     user_data: web::Json<serde_json::Value>,
   |     ^^^^^^^^^ help: if this is intentional, prefix it with an underscore: `_user_data`

warning: method `get_user_registrations` is never used
   --> src/database/mod.rs:135:18
    |
 14 | impl Database {
    | ------------- method in this implementation
...
135 |     pub async fn get_user_registrations(&self, user_id: &Uuid) -> Result<Vec<Registration>> {
    |                  ^^^^^^^^^^^^^^^^^^^^^^
    |
    = note: `#[warn(dead_code)]` on by default

warning: struct `CreateUserRequest` is never constructed
  --> src/models/mod.rs:29:12
   |
29 | pub struct CreateUserRequest {
   |            ^^^^^^^^^^^^^^^^^

warning: function `jwt_middleware` is never used
  --> src/utils/auth.rs:56:14
   |
56 | pub async fn jwt_middleware(
   |              ^^^^^^^^^^^^^^

warning: `berlin-dancemode-backend` (bin "berlin-dancemode-backend") generated 6 warnings (run `cargo fix --bin "berlin-dancemode-backend"` to apply 1 suggestion)
    Finished `release` profile [optimized] target(s) in 0.37s
     Running `target/release/berlin-dancemode-backend`
